<?xml version="1.0" encoding="UTF-8"?>
<testng-results ignored="0" total="1" passed="1" failed="0" skipped="0">
  <reporter-output>
  </reporter-output>
  <suite started-at="2024-02-20T15:14:25 IST" name="Default suite" finished-at="2024-02-20T15:14:42 IST" duration-ms="17689">
    <groups>
    </groups>
    <test started-at="2024-02-20T15:14:25 IST" name="Default test" finished-at="2024-02-20T15:14:42 IST" duration-ms="17689">
      <class name="beauty.LaunchPurple_Test">
        <test-method signature="purple()[pri:0, instance:beauty.LaunchPurple_Test@57af006c]" started-at="2024-02-20T15:14:25 IST" name="purple" finished-at="2024-02-20T15:14:42 IST" duration-ms="17585" status="PASS">
          <reporter-output>
          </reporter-output>
        </test-method> <!-- purple -->
      </class> <!-- beauty.LaunchPurple_Test -->
    </test> <!-- Default test -->
  </suite> <!-- Default suite -->
</testng-results>
